2024-07-19 11:58:01,919 - INFO - Logger started. Logging level: DEBUG
2024-07-19 11:58:01,920 - INFO - File handler logging level: DEBUG
2024-07-19 11:58:01,920 - INFO - Libraries imported successfully.
2024-07-19 11:58:02,137 - DEBUG - Data from /scratch/pietero/baseline/prados_recent/re180_min_channel_900_calculating_Ubar/vtk/channel_00000000.pvtu loaded and velocity components added.
2024-07-19 11:58:02,344 - DEBUG - Data from /scratch/pietero/baseline/prados_recent/re180_min_channel_900_calculating_Ubar/vtk/channel_00000300.pvtu loaded and velocity components added.
2024-07-19 11:58:02,543 - DEBUG - Data from /scratch/pietero/baseline/prados_recent/re180_min_channel_900_calculating_Ubar/vtk/channel_00000600.pvtu loaded and velocity components added.
2024-07-19 11:58:02,744 - DEBUG - Data from /scratch/pietero/baseline/prados_recent/re180_min_channel_900_calculating_Ubar/vtk/channel_00000900.pvtu loaded and velocity components added.
2024-07-19 11:58:02,941 - DEBUG - Data from /scratch/pietero/baseline/prados_recent/re180_min_channel_900_calculating_Ubar/vtk/channel_00001200.pvtu loaded and velocity components added.
2024-07-19 11:58:03,140 - DEBUG - Data from /scratch/pietero/baseline/prados_recent/re180_min_channel_900_calculating_Ubar/vtk/channel_00001500.pvtu loaded and velocity components added.
2024-07-19 11:58:03,336 - DEBUG - Data from /scratch/pietero/baseline/prados_recent/re180_min_channel_900_calculating_Ubar/vtk/channel_00001800.pvtu loaded and velocity components added.
2024-07-19 11:58:03,536 - DEBUG - Data from /scratch/pietero/baseline/prados_recent/re180_min_channel_900_calculating_Ubar/vtk/channel_00002100.pvtu loaded and velocity components added.
2024-07-19 11:58:03,732 - DEBUG - Data from /scratch/pietero/baseline/prados_recent/re180_min_channel_900_calculating_Ubar/vtk/channel_00002400.pvtu loaded and velocity components added.
2024-07-19 11:58:03,933 - DEBUG - Data from /scratch/pietero/baseline/prados_recent/re180_min_channel_900_calculating_Ubar/vtk/channel_00002700.pvtu loaded and velocity components added.
2024-07-19 11:58:04,129 - DEBUG - Data from /scratch/pietero/baseline/prados_recent/re180_min_channel_900_calculating_Ubar/vtk/channel_00003000.pvtu loaded and velocity components added.
2024-07-19 11:58:04,328 - DEBUG - Data from /scratch/pietero/baseline/prados_recent/re180_min_channel_900_calculating_Ubar/vtk/channel_00003300.pvtu loaded and velocity components added.
2024-07-19 11:58:04,524 - DEBUG - Data from /scratch/pietero/baseline/prados_recent/re180_min_channel_900_calculating_Ubar/vtk/channel_00003600.pvtu loaded and velocity components added.
2024-07-19 11:58:04,722 - DEBUG - Data from /scratch/pietero/baseline/prados_recent/re180_min_channel_900_calculating_Ubar/vtk/channel_00003900.pvtu loaded and velocity components added.
2024-07-19 11:58:04,918 - DEBUG - Data from /scratch/pietero/baseline/prados_recent/re180_min_channel_900_calculating_Ubar/vtk/channel_00004200.pvtu loaded and velocity components added.
2024-07-19 11:58:05,117 - DEBUG - Data from /scratch/pietero/baseline/prados_recent/re180_min_channel_900_calculating_Ubar/vtk/channel_00004500.pvtu loaded and velocity components added.
2024-07-19 11:58:05,315 - DEBUG - Data from /scratch/pietero/baseline/prados_recent/re180_min_channel_900_calculating_Ubar/vtk/channel_00004800.pvtu loaded and velocity components added.
2024-07-19 11:58:05,515 - DEBUG - Data from /scratch/pietero/baseline/prados_recent/re180_min_channel_900_calculating_Ubar/vtk/channel_00005100.pvtu loaded and velocity components added.
2024-07-19 11:58:05,714 - DEBUG - Data from /scratch/pietero/baseline/prados_recent/re180_min_channel_900_calculating_Ubar/vtk/channel_00005400.pvtu loaded and velocity components added.
2024-07-19 11:58:05,916 - DEBUG - Data from /scratch/pietero/baseline/prados_recent/re180_min_channel_900_calculating_Ubar/vtk/channel_00005700.pvtu loaded and velocity components added.
2024-07-19 11:58:06,117 - DEBUG - Data from /scratch/pietero/baseline/prados_recent/re180_min_channel_900_calculating_Ubar/vtk/channel_00006000.pvtu loaded and velocity components added.
2024-07-19 11:58:06,317 - DEBUG - Data from /scratch/pietero/baseline/prados_recent/re180_min_channel_900_calculating_Ubar/vtk/channel_00006300.pvtu loaded and velocity components added.
2024-07-19 11:58:06,515 - DEBUG - Data from /scratch/pietero/baseline/prados_recent/re180_min_channel_900_calculating_Ubar/vtk/channel_00006600.pvtu loaded and velocity components added.
2024-07-19 11:58:06,714 - DEBUG - Data from /scratch/pietero/baseline/prados_recent/re180_min_channel_900_calculating_Ubar/vtk/channel_00006900.pvtu loaded and velocity components added.
2024-07-19 11:58:06,912 - DEBUG - Data from /scratch/pietero/baseline/prados_recent/re180_min_channel_900_calculating_Ubar/vtk/channel_00007200.pvtu loaded and velocity components added.
2024-07-19 11:58:07,112 - DEBUG - Data from /scratch/pietero/baseline/prados_recent/re180_min_channel_900_calculating_Ubar/vtk/channel_00007500.pvtu loaded and velocity components added.
2024-07-19 11:58:07,310 - DEBUG - Data from /scratch/pietero/baseline/prados_recent/re180_min_channel_900_calculating_Ubar/vtk/channel_00007800.pvtu loaded and velocity components added.
2024-07-19 11:58:07,509 - DEBUG - Data from /scratch/pietero/baseline/prados_recent/re180_min_channel_900_calculating_Ubar/vtk/channel_00008100.pvtu loaded and velocity components added.
2024-07-19 11:58:07,706 - DEBUG - Data from /scratch/pietero/baseline/prados_recent/re180_min_channel_900_calculating_Ubar/vtk/channel_00008400.pvtu loaded and velocity components added.
2024-07-19 11:58:07,906 - DEBUG - Data from /scratch/pietero/baseline/prados_recent/re180_min_channel_900_calculating_Ubar/vtk/channel_00008700.pvtu loaded and velocity components added.
2024-07-19 11:58:08,103 - DEBUG - Data from /scratch/pietero/baseline/prados_recent/re180_min_channel_900_calculating_Ubar/vtk/channel_00009000.pvtu loaded and velocity components added.
2024-07-19 11:58:08,303 - DEBUG - Data from /scratch/pietero/baseline/prados_recent/re180_min_channel_900_calculating_Ubar/vtk/channel_00009300.pvtu loaded and velocity components added.
2024-07-19 11:58:08,501 - DEBUG - Data from /scratch/pietero/baseline/prados_recent/re180_min_channel_900_calculating_Ubar/vtk/channel_00009600.pvtu loaded and velocity components added.
2024-07-19 11:58:08,701 - DEBUG - Data from /scratch/pietero/baseline/prados_recent/re180_min_channel_900_calculating_Ubar/vtk/channel_00009900.pvtu loaded and velocity components added.
2024-07-19 11:58:08,899 - DEBUG - Data from /scratch/pietero/baseline/prados_recent/re180_min_channel_900_calculating_Ubar/vtk/channel_00010200.pvtu loaded and velocity components added.
2024-07-19 11:58:09,099 - DEBUG - Data from /scratch/pietero/baseline/prados_recent/re180_min_channel_900_calculating_Ubar/vtk/channel_00010500.pvtu loaded and velocity components added.
2024-07-19 11:58:09,296 - DEBUG - Data from /scratch/pietero/baseline/prados_recent/re180_min_channel_900_calculating_Ubar/vtk/channel_00010800.pvtu loaded and velocity components added.
2024-07-19 11:58:09,495 - DEBUG - Data from /scratch/pietero/baseline/prados_recent/re180_min_channel_900_calculating_Ubar/vtk/channel_00011100.pvtu loaded and velocity components added.
2024-07-19 11:58:09,694 - DEBUG - Data from /scratch/pietero/baseline/prados_recent/re180_min_channel_900_calculating_Ubar/vtk/channel_00011400.pvtu loaded and velocity components added.
2024-07-19 11:58:09,895 - DEBUG - Data from /scratch/pietero/baseline/prados_recent/re180_min_channel_900_calculating_Ubar/vtk/channel_00011700.pvtu loaded and velocity components added.
2024-07-19 11:58:10,093 - DEBUG - Data from /scratch/pietero/baseline/prados_recent/re180_min_channel_900_calculating_Ubar/vtk/channel_00012000.pvtu loaded and velocity components added.
2024-07-19 11:58:10,293 - DEBUG - Data from /scratch/pietero/baseline/prados_recent/re180_min_channel_900_calculating_Ubar/vtk/channel_00012300.pvtu loaded and velocity components added.
2024-07-19 11:58:10,491 - DEBUG - Data from /scratch/pietero/baseline/prados_recent/re180_min_channel_900_calculating_Ubar/vtk/channel_00012600.pvtu loaded and velocity components added.
2024-07-19 11:58:10,689 - DEBUG - Data from /scratch/pietero/baseline/prados_recent/re180_min_channel_900_calculating_Ubar/vtk/channel_00012900.pvtu loaded and velocity components added.
2024-07-19 11:58:10,887 - DEBUG - Data from /scratch/pietero/baseline/prados_recent/re180_min_channel_900_calculating_Ubar/vtk/channel_00013200.pvtu loaded and velocity components added.
2024-07-19 11:58:11,087 - DEBUG - Data from /scratch/pietero/baseline/prados_recent/re180_min_channel_900_calculating_Ubar/vtk/channel_00013500.pvtu loaded and velocity components added.
2024-07-19 11:58:11,285 - DEBUG - Data from /scratch/pietero/baseline/prados_recent/re180_min_channel_900_calculating_Ubar/vtk/channel_00013800.pvtu loaded and velocity components added.
2024-07-19 11:58:11,484 - DEBUG - Data from /scratch/pietero/baseline/prados_recent/re180_min_channel_900_calculating_Ubar/vtk/channel_00014100.pvtu loaded and velocity components added.
2024-07-19 11:58:11,681 - DEBUG - Data from /scratch/pietero/baseline/prados_recent/re180_min_channel_900_calculating_Ubar/vtk/channel_00014400.pvtu loaded and velocity components added.
2024-07-19 11:58:11,881 - DEBUG - Data from /scratch/pietero/baseline/prados_recent/re180_min_channel_900_calculating_Ubar/vtk/channel_00014700.pvtu loaded and velocity components added.
2024-07-19 11:58:12,079 - DEBUG - Data from /scratch/pietero/baseline/prados_recent/re180_min_channel_900_calculating_Ubar/vtk/channel_00015000.pvtu loaded and velocity components added.
2024-07-19 11:58:12,278 - DEBUG - Data from /scratch/pietero/baseline/prados_recent/re180_min_channel_900_calculating_Ubar/vtk/channel_00015300.pvtu loaded and velocity components added.
2024-07-19 11:58:12,476 - DEBUG - Data from /scratch/pietero/baseline/prados_recent/re180_min_channel_900_calculating_Ubar/vtk/channel_00015600.pvtu loaded and velocity components added.
2024-07-19 11:58:12,675 - DEBUG - Data from /scratch/pietero/baseline/prados_recent/re180_min_channel_900_calculating_Ubar/vtk/channel_00015900.pvtu loaded and velocity components added.
2024-07-19 11:58:12,873 - DEBUG - Data from /scratch/pietero/baseline/prados_recent/re180_min_channel_900_calculating_Ubar/vtk/channel_00016200.pvtu loaded and velocity components added.
2024-07-19 11:58:13,072 - DEBUG - Data from /scratch/pietero/baseline/prados_recent/re180_min_channel_900_calculating_Ubar/vtk/channel_00016500.pvtu loaded and velocity components added.
2024-07-19 11:58:13,270 - DEBUG - Data from /scratch/pietero/baseline/prados_recent/re180_min_channel_900_calculating_Ubar/vtk/channel_00016800.pvtu loaded and velocity components added.
2024-07-19 11:58:13,470 - DEBUG - Data from /scratch/pietero/baseline/prados_recent/re180_min_channel_900_calculating_Ubar/vtk/channel_00017100.pvtu loaded and velocity components added.
2024-07-19 11:58:13,668 - DEBUG - Data from /scratch/pietero/baseline/prados_recent/re180_min_channel_900_calculating_Ubar/vtk/channel_00017400.pvtu loaded and velocity components added.
2024-07-19 11:58:13,869 - DEBUG - Data from /scratch/pietero/baseline/prados_recent/re180_min_channel_900_calculating_Ubar/vtk/channel_00017700.pvtu loaded and velocity components added.
2024-07-19 11:58:14,067 - DEBUG - Data from /scratch/pietero/baseline/prados_recent/re180_min_channel_900_calculating_Ubar/vtk/channel_00018000.pvtu loaded and velocity components added.
2024-07-19 11:58:14,268 - DEBUG - Data from /scratch/pietero/baseline/prados_recent/re180_min_channel_900_calculating_Ubar/vtk/channel_00018300.pvtu loaded and velocity components added.
2024-07-19 11:58:14,465 - DEBUG - Data from /scratch/pietero/baseline/prados_recent/re180_min_channel_900_calculating_Ubar/vtk/channel_00018600.pvtu loaded and velocity components added.
2024-07-19 11:58:14,667 - DEBUG - Data from /scratch/pietero/baseline/prados_recent/re180_min_channel_900_calculating_Ubar/vtk/channel_00018900.pvtu loaded and velocity components added.
2024-07-19 11:58:14,864 - DEBUG - Data from /scratch/pietero/baseline/prados_recent/re180_min_channel_900_calculating_Ubar/vtk/channel_00019200.pvtu loaded and velocity components added.
2024-07-19 11:58:15,064 - DEBUG - Data from /scratch/pietero/baseline/prados_recent/re180_min_channel_900_calculating_Ubar/vtk/channel_00019500.pvtu loaded and velocity components added.
2024-07-19 11:58:15,262 - DEBUG - Data from /scratch/pietero/baseline/prados_recent/re180_min_channel_900_calculating_Ubar/vtk/channel_00019800.pvtu loaded and velocity components added.
2024-07-19 11:58:15,462 - DEBUG - Data from /scratch/pietero/baseline/prados_recent/re180_min_channel_900_calculating_Ubar/vtk/channel_00020100.pvtu loaded and velocity components added.
2024-07-19 11:58:15,660 - DEBUG - Data from /scratch/pietero/baseline/prados_recent/re180_min_channel_900_calculating_Ubar/vtk/channel_00020400.pvtu loaded and velocity components added.
2024-07-19 11:58:15,860 - DEBUG - Data from /scratch/pietero/baseline/prados_recent/re180_min_channel_900_calculating_Ubar/vtk/channel_00020700.pvtu loaded and velocity components added.
2024-07-19 11:58:16,058 - DEBUG - Data from /scratch/pietero/baseline/prados_recent/re180_min_channel_900_calculating_Ubar/vtk/channel_00021000.pvtu loaded and velocity components added.
2024-07-19 11:58:16,257 - DEBUG - Data from /scratch/pietero/baseline/prados_recent/re180_min_channel_900_calculating_Ubar/vtk/channel_00021300.pvtu loaded and velocity components added.
2024-07-19 11:58:16,454 - DEBUG - Data from /scratch/pietero/baseline/prados_recent/re180_min_channel_900_calculating_Ubar/vtk/channel_00021600.pvtu loaded and velocity components added.
2024-07-19 11:58:16,654 - DEBUG - Data from /scratch/pietero/baseline/prados_recent/re180_min_channel_900_calculating_Ubar/vtk/channel_00021900.pvtu loaded and velocity components added.
2024-07-19 11:58:16,852 - DEBUG - Data from /scratch/pietero/baseline/prados_recent/re180_min_channel_900_calculating_Ubar/vtk/channel_00022200.pvtu loaded and velocity components added.
2024-07-19 11:58:17,051 - DEBUG - Data from /scratch/pietero/baseline/prados_recent/re180_min_channel_900_calculating_Ubar/vtk/channel_00022500.pvtu loaded and velocity components added.
2024-07-19 11:58:17,249 - DEBUG - Data from /scratch/pietero/baseline/prados_recent/re180_min_channel_900_calculating_Ubar/vtk/channel_00022800.pvtu loaded and velocity components added.
2024-07-19 11:58:17,450 - DEBUG - Data from /scratch/pietero/baseline/prados_recent/re180_min_channel_900_calculating_Ubar/vtk/channel_00023100.pvtu loaded and velocity components added.
2024-07-19 11:58:17,649 - DEBUG - Data from /scratch/pietero/baseline/prados_recent/re180_min_channel_900_calculating_Ubar/vtk/channel_00023400.pvtu loaded and velocity components added.
2024-07-19 11:58:17,848 - DEBUG - Data from /scratch/pietero/baseline/prados_recent/re180_min_channel_900_calculating_Ubar/vtk/channel_00023700.pvtu loaded and velocity components added.
2024-07-19 11:58:18,046 - DEBUG - Data from /scratch/pietero/baseline/prados_recent/re180_min_channel_900_calculating_Ubar/vtk/channel_00024000.pvtu loaded and velocity components added.
2024-07-19 11:58:18,246 - DEBUG - Data from /scratch/pietero/baseline/prados_recent/re180_min_channel_900_calculating_Ubar/vtk/channel_00024300.pvtu loaded and velocity components added.
2024-07-19 11:58:18,445 - DEBUG - Data from /scratch/pietero/baseline/prados_recent/re180_min_channel_900_calculating_Ubar/vtk/channel_00024600.pvtu loaded and velocity components added.
2024-07-19 11:58:18,647 - DEBUG - Data from /scratch/pietero/baseline/prados_recent/re180_min_channel_900_calculating_Ubar/vtk/channel_00024900.pvtu loaded and velocity components added.
2024-07-19 11:58:18,845 - DEBUG - Data from /scratch/pietero/baseline/prados_recent/re180_min_channel_900_calculating_Ubar/vtk/channel_00025200.pvtu loaded and velocity components added.
2024-07-19 11:58:19,044 - DEBUG - Data from /scratch/pietero/baseline/prados_recent/re180_min_channel_900_calculating_Ubar/vtk/channel_00025500.pvtu loaded and velocity components added.
2024-07-19 11:58:19,241 - DEBUG - Data from /scratch/pietero/baseline/prados_recent/re180_min_channel_900_calculating_Ubar/vtk/channel_00025800.pvtu loaded and velocity components added.
2024-07-19 11:58:19,440 - DEBUG - Data from /scratch/pietero/baseline/prados_recent/re180_min_channel_900_calculating_Ubar/vtk/channel_00026100.pvtu loaded and velocity components added.
2024-07-19 11:58:19,637 - DEBUG - Data from /scratch/pietero/baseline/prados_recent/re180_min_channel_900_calculating_Ubar/vtk/channel_00026400.pvtu loaded and velocity components added.
2024-07-19 11:58:19,836 - DEBUG - Data from /scratch/pietero/baseline/prados_recent/re180_min_channel_900_calculating_Ubar/vtk/channel_00026700.pvtu loaded and velocity components added.
2024-07-19 11:58:20,034 - DEBUG - Data from /scratch/pietero/baseline/prados_recent/re180_min_channel_900_calculating_Ubar/vtk/channel_00027000.pvtu loaded and velocity components added.
2024-07-19 11:58:20,234 - DEBUG - Data from /scratch/pietero/baseline/prados_recent/re180_min_channel_900_calculating_Ubar/vtk/channel_00027300.pvtu loaded and velocity components added.
2024-07-19 11:58:20,431 - DEBUG - Data from /scratch/pietero/baseline/prados_recent/re180_min_channel_900_calculating_Ubar/vtk/channel_00027600.pvtu loaded and velocity components added.
2024-07-19 11:58:20,630 - DEBUG - Data from /scratch/pietero/baseline/prados_recent/re180_min_channel_900_calculating_Ubar/vtk/channel_00027900.pvtu loaded and velocity components added.
2024-07-19 11:58:20,827 - DEBUG - Data from /scratch/pietero/baseline/prados_recent/re180_min_channel_900_calculating_Ubar/vtk/channel_00028200.pvtu loaded and velocity components added.
2024-07-19 11:58:21,026 - DEBUG - Data from /scratch/pietero/baseline/prados_recent/re180_min_channel_900_calculating_Ubar/vtk/channel_00028500.pvtu loaded and velocity components added.
2024-07-19 11:58:21,223 - DEBUG - Data from /scratch/pietero/baseline/prados_recent/re180_min_channel_900_calculating_Ubar/vtk/channel_00028800.pvtu loaded and velocity components added.
2024-07-19 11:58:21,422 - DEBUG - Data from /scratch/pietero/baseline/prados_recent/re180_min_channel_900_calculating_Ubar/vtk/channel_00029100.pvtu loaded and velocity components added.
2024-07-19 11:58:21,619 - DEBUG - Data from /scratch/pietero/baseline/prados_recent/re180_min_channel_900_calculating_Ubar/vtk/channel_00029400.pvtu loaded and velocity components added.
2024-07-19 11:58:21,818 - DEBUG - Data from /scratch/pietero/baseline/prados_recent/re180_min_channel_900_calculating_Ubar/vtk/channel_00029700.pvtu loaded and velocity components added.
2024-07-19 11:58:22,016 - DEBUG - Data from /scratch/pietero/baseline/prados_recent/re180_min_channel_900_calculating_Ubar/vtk/channel_00030000.pvtu loaded and velocity components added.
2024-07-19 11:58:22,215 - DEBUG - Data from /scratch/pietero/baseline/prados_recent/re180_min_channel_900_calculating_Ubar/vtk/channel_00030300.pvtu loaded and velocity components added.
2024-07-19 11:58:22,412 - DEBUG - Data from /scratch/pietero/baseline/prados_recent/re180_min_channel_900_calculating_Ubar/vtk/channel_00030600.pvtu loaded and velocity components added.
2024-07-19 11:58:22,612 - DEBUG - Data from /scratch/pietero/baseline/prados_recent/re180_min_channel_900_calculating_Ubar/vtk/channel_00030900.pvtu loaded and velocity components added.
2024-07-19 11:58:22,809 - DEBUG - Data from /scratch/pietero/baseline/prados_recent/re180_min_channel_900_calculating_Ubar/vtk/channel_00031200.pvtu loaded and velocity components added.
2024-07-19 11:58:23,009 - DEBUG - Data from /scratch/pietero/baseline/prados_recent/re180_min_channel_900_calculating_Ubar/vtk/channel_00031500.pvtu loaded and velocity components added.
2024-07-19 11:58:23,206 - DEBUG - Data from /scratch/pietero/baseline/prados_recent/re180_min_channel_900_calculating_Ubar/vtk/channel_00031800.pvtu loaded and velocity components added.
2024-07-19 11:58:23,405 - DEBUG - Data from /scratch/pietero/baseline/prados_recent/re180_min_channel_900_calculating_Ubar/vtk/channel_00032100.pvtu loaded and velocity components added.
2024-07-19 11:58:23,602 - DEBUG - Data from /scratch/pietero/baseline/prados_recent/re180_min_channel_900_calculating_Ubar/vtk/channel_00032400.pvtu loaded and velocity components added.
2024-07-19 11:58:23,802 - DEBUG - Data from /scratch/pietero/baseline/prados_recent/re180_min_channel_900_calculating_Ubar/vtk/channel_00032700.pvtu loaded and velocity components added.
2024-07-19 11:58:23,999 - DEBUG - Data from /scratch/pietero/baseline/prados_recent/re180_min_channel_900_calculating_Ubar/vtk/channel_00033000.pvtu loaded and velocity components added.
2024-07-19 11:58:24,198 - DEBUG - Data from /scratch/pietero/baseline/prados_recent/re180_min_channel_900_calculating_Ubar/vtk/channel_00033300.pvtu loaded and velocity components added.
2024-07-19 11:58:24,395 - DEBUG - Data from /scratch/pietero/baseline/prados_recent/re180_min_channel_900_calculating_Ubar/vtk/channel_00033600.pvtu loaded and velocity components added.
2024-07-19 11:58:24,595 - DEBUG - Data from /scratch/pietero/baseline/prados_recent/re180_min_channel_900_calculating_Ubar/vtk/channel_00033900.pvtu loaded and velocity components added.
2024-07-19 11:58:24,793 - DEBUG - Data from /scratch/pietero/baseline/prados_recent/re180_min_channel_900_calculating_Ubar/vtk/channel_00034200.pvtu loaded and velocity components added.
2024-07-19 11:58:24,992 - DEBUG - Data from /scratch/pietero/baseline/prados_recent/re180_min_channel_900_calculating_Ubar/vtk/channel_00034500.pvtu loaded and velocity components added.
2024-07-19 11:58:25,189 - DEBUG - Data from /scratch/pietero/baseline/prados_recent/re180_min_channel_900_calculating_Ubar/vtk/channel_00034800.pvtu loaded and velocity components added.
2024-07-19 11:58:25,388 - DEBUG - Data from /scratch/pietero/baseline/prados_recent/re180_min_channel_900_calculating_Ubar/vtk/channel_00035100.pvtu loaded and velocity components added.
2024-07-19 11:58:25,586 - DEBUG - Data from /scratch/pietero/baseline/prados_recent/re180_min_channel_900_calculating_Ubar/vtk/channel_00035400.pvtu loaded and velocity components added.
2024-07-19 11:58:25,785 - DEBUG - Data from /scratch/pietero/baseline/prados_recent/re180_min_channel_900_calculating_Ubar/vtk/channel_00035700.pvtu loaded and velocity components added.
2024-07-19 11:58:25,983 - DEBUG - Data from /scratch/pietero/baseline/prados_recent/re180_min_channel_900_calculating_Ubar/vtk/channel_00036000.pvtu loaded and velocity components added.
2024-07-19 11:58:26,182 - DEBUG - Data from /scratch/pietero/baseline/prados_recent/re180_min_channel_900_calculating_Ubar/vtk/channel_00036300.pvtu loaded and velocity components added.
2024-07-19 11:58:26,379 - DEBUG - Data from /scratch/pietero/baseline/prados_recent/re180_min_channel_900_calculating_Ubar/vtk/channel_00036600.pvtu loaded and velocity components added.
2024-07-19 11:58:26,578 - DEBUG - Data from /scratch/pietero/baseline/prados_recent/re180_min_channel_900_calculating_Ubar/vtk/channel_00036900.pvtu loaded and velocity components added.
2024-07-19 11:58:26,776 - DEBUG - Data from /scratch/pietero/baseline/prados_recent/re180_min_channel_900_calculating_Ubar/vtk/channel_00037200.pvtu loaded and velocity components added.
2024-07-19 11:58:26,974 - DEBUG - Data from /scratch/pietero/baseline/prados_recent/re180_min_channel_900_calculating_Ubar/vtk/channel_00037500.pvtu loaded and velocity components added.
2024-07-19 11:58:27,171 - DEBUG - Data from /scratch/pietero/baseline/prados_recent/re180_min_channel_900_calculating_Ubar/vtk/channel_00037800.pvtu loaded and velocity components added.
2024-07-19 11:58:27,370 - DEBUG - Data from /scratch/pietero/baseline/prados_recent/re180_min_channel_900_calculating_Ubar/vtk/channel_00038100.pvtu loaded and velocity components added.
2024-07-19 11:58:27,567 - DEBUG - Data from /scratch/pietero/baseline/prados_recent/re180_min_channel_900_calculating_Ubar/vtk/channel_00038400.pvtu loaded and velocity components added.
2024-07-19 11:58:27,767 - DEBUG - Data from /scratch/pietero/baseline/prados_recent/re180_min_channel_900_calculating_Ubar/vtk/channel_00038700.pvtu loaded and velocity components added.
2024-07-19 11:58:27,964 - DEBUG - Data from /scratch/pietero/baseline/prados_recent/re180_min_channel_900_calculating_Ubar/vtk/channel_00039000.pvtu loaded and velocity components added.
2024-07-19 11:58:28,167 - DEBUG - Data from /scratch/pietero/baseline/prados_recent/re180_min_channel_900_calculating_Ubar/vtk/channel_00039300.pvtu loaded and velocity components added.
2024-07-19 11:58:28,365 - DEBUG - Data from /scratch/pietero/baseline/prados_recent/re180_min_channel_900_calculating_Ubar/vtk/channel_00039600.pvtu loaded and velocity components added.
2024-07-19 11:58:28,564 - DEBUG - Data from /scratch/pietero/baseline/prados_recent/re180_min_channel_900_calculating_Ubar/vtk/channel_00039900.pvtu loaded and velocity components added.
2024-07-19 11:58:28,761 - DEBUG - Data from /scratch/pietero/baseline/prados_recent/re180_min_channel_900_calculating_Ubar/vtk/channel_00040200.pvtu loaded and velocity components added.
2024-07-19 11:58:28,962 - DEBUG - Data from /scratch/pietero/baseline/prados_recent/re180_min_channel_900_calculating_Ubar/vtk/channel_00040500.pvtu loaded and velocity components added.
2024-07-19 11:58:29,159 - DEBUG - Data from /scratch/pietero/baseline/prados_recent/re180_min_channel_900_calculating_Ubar/vtk/channel_00040800.pvtu loaded and velocity components added.
2024-07-19 11:58:29,358 - DEBUG - Data from /scratch/pietero/baseline/prados_recent/re180_min_channel_900_calculating_Ubar/vtk/channel_00041100.pvtu loaded and velocity components added.
2024-07-19 11:58:29,555 - DEBUG - Data from /scratch/pietero/baseline/prados_recent/re180_min_channel_900_calculating_Ubar/vtk/channel_00041400.pvtu loaded and velocity components added.
2024-07-19 11:58:29,755 - DEBUG - Data from /scratch/pietero/baseline/prados_recent/re180_min_channel_900_calculating_Ubar/vtk/channel_00041700.pvtu loaded and velocity components added.
2024-07-19 11:58:29,953 - DEBUG - Data from /scratch/pietero/baseline/prados_recent/re180_min_channel_900_calculating_Ubar/vtk/channel_00042000.pvtu loaded and velocity components added.
2024-07-19 11:58:30,153 - DEBUG - Data from /scratch/pietero/baseline/prados_recent/re180_min_channel_900_calculating_Ubar/vtk/channel_00042300.pvtu loaded and velocity components added.
2024-07-19 11:58:57,927 - INFO - Logger started. Logging level: DEBUG
2024-07-19 11:58:57,927 - INFO - File handler logging level: DEBUG
2024-07-19 11:58:57,927 - INFO - Libraries imported successfully.
2024-07-19 11:58:58,257 - DEBUG - Data from /scratch/pietero/baseline/prados_recent/re180_min_channel_900_calculating_Ubar/vtk_for_average/vtk/channel_00070000.pvtu loaded and velocity components added.
2024-07-19 11:58:58,562 - DEBUG - Data from /scratch/pietero/baseline/prados_recent/re180_min_channel_900_calculating_Ubar/vtk_for_average/vtk/channel_00070100.pvtu loaded and velocity components added.
2024-07-19 11:58:58,846 - DEBUG - Data from /scratch/pietero/baseline/prados_recent/re180_min_channel_900_calculating_Ubar/vtk_for_average/vtk/channel_00070200.pvtu loaded and velocity components added.
2024-07-19 11:58:59,146 - DEBUG - Data from /scratch/pietero/baseline/prados_recent/re180_min_channel_900_calculating_Ubar/vtk_for_average/vtk/channel_00070300.pvtu loaded and velocity components added.
2024-07-19 11:58:59,424 - DEBUG - Data from /scratch/pietero/baseline/prados_recent/re180_min_channel_900_calculating_Ubar/vtk_for_average/vtk/channel_00070400.pvtu loaded and velocity components added.
2024-07-19 11:58:59,756 - DEBUG - Data from /scratch/pietero/baseline/prados_recent/re180_min_channel_900_calculating_Ubar/vtk_for_average/vtk/channel_00070500.pvtu loaded and velocity components added.
2024-07-19 11:59:00,036 - DEBUG - Data from /scratch/pietero/baseline/prados_recent/re180_min_channel_900_calculating_Ubar/vtk_for_average/vtk/channel_00070600.pvtu loaded and velocity components added.
2024-07-19 11:59:00,335 - DEBUG - Data from /scratch/pietero/baseline/prados_recent/re180_min_channel_900_calculating_Ubar/vtk_for_average/vtk/channel_00070700.pvtu loaded and velocity components added.
2024-07-19 11:59:00,608 - DEBUG - Data from /scratch/pietero/baseline/prados_recent/re180_min_channel_900_calculating_Ubar/vtk_for_average/vtk/channel_00070800.pvtu loaded and velocity components added.
2024-07-19 11:59:00,892 - DEBUG - Data from /scratch/pietero/baseline/prados_recent/re180_min_channel_900_calculating_Ubar/vtk_for_average/vtk/channel_00070900.pvtu loaded and velocity components added.
2024-07-19 11:59:01,256 - DEBUG - Data from /scratch/pietero/baseline/prados_recent/re180_min_channel_900_calculating_Ubar/vtk_for_average/vtk/channel_00071000.pvtu loaded and velocity components added.
2024-07-19 11:59:01,573 - DEBUG - Data from /scratch/pietero/baseline/prados_recent/re180_min_channel_900_calculating_Ubar/vtk_for_average/vtk/channel_00071100.pvtu loaded and velocity components added.
2024-07-19 11:59:01,921 - DEBUG - Data from /scratch/pietero/baseline/prados_recent/re180_min_channel_900_calculating_Ubar/vtk_for_average/vtk/channel_00071200.pvtu loaded and velocity components added.
2024-07-19 11:59:02,261 - DEBUG - Data from /scratch/pietero/baseline/prados_recent/re180_min_channel_900_calculating_Ubar/vtk_for_average/vtk/channel_00071300.pvtu loaded and velocity components added.
2024-07-19 11:59:02,596 - DEBUG - Data from /scratch/pietero/baseline/prados_recent/re180_min_channel_900_calculating_Ubar/vtk_for_average/vtk/channel_00071400.pvtu loaded and velocity components added.
2024-07-19 11:59:02,898 - DEBUG - Data from /scratch/pietero/baseline/prados_recent/re180_min_channel_900_calculating_Ubar/vtk_for_average/vtk/channel_00071500.pvtu loaded and velocity components added.
2024-07-19 11:59:03,199 - DEBUG - Data from /scratch/pietero/baseline/prados_recent/re180_min_channel_900_calculating_Ubar/vtk_for_average/vtk/channel_00071600.pvtu loaded and velocity components added.
2024-07-19 11:59:03,503 - DEBUG - Data from /scratch/pietero/baseline/prados_recent/re180_min_channel_900_calculating_Ubar/vtk_for_average/vtk/channel_00071700.pvtu loaded and velocity components added.
2024-07-19 11:59:03,777 - DEBUG - Data from /scratch/pietero/baseline/prados_recent/re180_min_channel_900_calculating_Ubar/vtk_for_average/vtk/channel_00071800.pvtu loaded and velocity components added.
2024-07-19 11:59:04,071 - DEBUG - Data from /scratch/pietero/baseline/prados_recent/re180_min_channel_900_calculating_Ubar/vtk_for_average/vtk/channel_00071900.pvtu loaded and velocity components added.
2024-07-19 11:59:04,358 - DEBUG - Data from /scratch/pietero/baseline/prados_recent/re180_min_channel_900_calculating_Ubar/vtk_for_average/vtk/channel_00072000.pvtu loaded and velocity components added.
2024-07-19 11:59:04,655 - DEBUG - Data from /scratch/pietero/baseline/prados_recent/re180_min_channel_900_calculating_Ubar/vtk_for_average/vtk/channel_00072100.pvtu loaded and velocity components added.
2024-07-19 11:59:04,933 - DEBUG - Data from /scratch/pietero/baseline/prados_recent/re180_min_channel_900_calculating_Ubar/vtk_for_average/vtk/channel_00072200.pvtu loaded and velocity components added.
2024-07-19 11:59:05,243 - DEBUG - Data from /scratch/pietero/baseline/prados_recent/re180_min_channel_900_calculating_Ubar/vtk_for_average/vtk/channel_00072300.pvtu loaded and velocity components added.
2024-07-19 11:59:05,542 - DEBUG - Data from /scratch/pietero/baseline/prados_recent/re180_min_channel_900_calculating_Ubar/vtk_for_average/vtk/channel_00072400.pvtu loaded and velocity components added.
2024-07-19 11:59:05,847 - DEBUG - Data from /scratch/pietero/baseline/prados_recent/re180_min_channel_900_calculating_Ubar/vtk_for_average/vtk/channel_00072500.pvtu loaded and velocity components added.
2024-07-19 11:59:06,167 - DEBUG - Data from /scratch/pietero/baseline/prados_recent/re180_min_channel_900_calculating_Ubar/vtk_for_average/vtk/channel_00072600.pvtu loaded and velocity components added.
2024-07-19 11:59:06,470 - DEBUG - Data from /scratch/pietero/baseline/prados_recent/re180_min_channel_900_calculating_Ubar/vtk_for_average/vtk/channel_00072700.pvtu loaded and velocity components added.
2024-07-19 11:59:06,774 - DEBUG - Data from /scratch/pietero/baseline/prados_recent/re180_min_channel_900_calculating_Ubar/vtk_for_average/vtk/channel_00072800.pvtu loaded and velocity components added.
2024-07-19 11:59:07,086 - DEBUG - Data from /scratch/pietero/baseline/prados_recent/re180_min_channel_900_calculating_Ubar/vtk_for_average/vtk/channel_00072900.pvtu loaded and velocity components added.
2024-07-19 11:59:07,374 - DEBUG - Data from /scratch/pietero/baseline/prados_recent/re180_min_channel_900_calculating_Ubar/vtk_for_average/vtk/channel_00073000.pvtu loaded and velocity components added.
2024-07-19 11:59:07,653 - DEBUG - Data from /scratch/pietero/baseline/prados_recent/re180_min_channel_900_calculating_Ubar/vtk_for_average/vtk/channel_00073100.pvtu loaded and velocity components added.
2024-07-19 11:59:07,941 - DEBUG - Data from /scratch/pietero/baseline/prados_recent/re180_min_channel_900_calculating_Ubar/vtk_for_average/vtk/channel_00073200.pvtu loaded and velocity components added.
2024-07-19 11:59:08,234 - DEBUG - Data from /scratch/pietero/baseline/prados_recent/re180_min_channel_900_calculating_Ubar/vtk_for_average/vtk/channel_00073300.pvtu loaded and velocity components added.
2024-07-19 11:59:08,526 - DEBUG - Data from /scratch/pietero/baseline/prados_recent/re180_min_channel_900_calculating_Ubar/vtk_for_average/vtk/channel_00073400.pvtu loaded and velocity components added.
2024-07-19 11:59:08,822 - DEBUG - Data from /scratch/pietero/baseline/prados_recent/re180_min_channel_900_calculating_Ubar/vtk_for_average/vtk/channel_00073500.pvtu loaded and velocity components added.
2024-07-19 11:59:09,100 - DEBUG - Data from /scratch/pietero/baseline/prados_recent/re180_min_channel_900_calculating_Ubar/vtk_for_average/vtk/channel_00073600.pvtu loaded and velocity components added.
2024-07-19 11:59:09,378 - DEBUG - Data from /scratch/pietero/baseline/prados_recent/re180_min_channel_900_calculating_Ubar/vtk_for_average/vtk/channel_00073700.pvtu loaded and velocity components added.
2024-07-19 11:59:09,665 - DEBUG - Data from /scratch/pietero/baseline/prados_recent/re180_min_channel_900_calculating_Ubar/vtk_for_average/vtk/channel_00073800.pvtu loaded and velocity components added.
2024-07-19 11:59:10,262 - DEBUG - Data from /scratch/pietero/baseline/prados_recent/re180_min_channel_900_calculating_Ubar/vtk_for_average/vtk/channel_00073900.pvtu loaded and velocity components added.
2024-07-19 11:59:10,553 - DEBUG - Data from /scratch/pietero/baseline/prados_recent/re180_min_channel_900_calculating_Ubar/vtk_for_average/vtk/channel_00074000.pvtu loaded and velocity components added.
2024-07-19 11:59:10,857 - DEBUG - Data from /scratch/pietero/baseline/prados_recent/re180_min_channel_900_calculating_Ubar/vtk_for_average/vtk/channel_00074100.pvtu loaded and velocity components added.
2024-07-19 11:59:11,180 - DEBUG - Data from /scratch/pietero/baseline/prados_recent/re180_min_channel_900_calculating_Ubar/vtk_for_average/vtk/channel_00074200.pvtu loaded and velocity components added.
2024-07-19 11:59:11,477 - DEBUG - Data from /scratch/pietero/baseline/prados_recent/re180_min_channel_900_calculating_Ubar/vtk_for_average/vtk/channel_00074300.pvtu loaded and velocity components added.
2024-07-19 11:59:11,755 - DEBUG - Data from /scratch/pietero/baseline/prados_recent/re180_min_channel_900_calculating_Ubar/vtk_for_average/vtk/channel_00074400.pvtu loaded and velocity components added.
2024-07-19 11:59:12,060 - DEBUG - Data from /scratch/pietero/baseline/prados_recent/re180_min_channel_900_calculating_Ubar/vtk_for_average/vtk/channel_00074500.pvtu loaded and velocity components added.
2024-07-19 11:59:12,332 - DEBUG - Data from /scratch/pietero/baseline/prados_recent/re180_min_channel_900_calculating_Ubar/vtk_for_average/vtk/channel_00074600.pvtu loaded and velocity components added.
2024-07-19 11:59:12,609 - DEBUG - Data from /scratch/pietero/baseline/prados_recent/re180_min_channel_900_calculating_Ubar/vtk_for_average/vtk/channel_00074700.pvtu loaded and velocity components added.
2024-07-19 11:59:12,881 - DEBUG - Data from /scratch/pietero/baseline/prados_recent/re180_min_channel_900_calculating_Ubar/vtk_for_average/vtk/channel_00074800.pvtu loaded and velocity components added.
2024-07-19 11:59:13,167 - DEBUG - Data from /scratch/pietero/baseline/prados_recent/re180_min_channel_900_calculating_Ubar/vtk_for_average/vtk/channel_00074900.pvtu loaded and velocity components added.
2024-07-19 11:59:13,465 - DEBUG - Data from /scratch/pietero/baseline/prados_recent/re180_min_channel_900_calculating_Ubar/vtk_for_average/vtk/channel_00075000.pvtu loaded and velocity components added.
2024-07-19 11:59:13,761 - DEBUG - Data from /scratch/pietero/baseline/prados_recent/re180_min_channel_900_calculating_Ubar/vtk_for_average/vtk/channel_00075100.pvtu loaded and velocity components added.
2024-07-19 11:59:14,061 - DEBUG - Data from /scratch/pietero/baseline/prados_recent/re180_min_channel_900_calculating_Ubar/vtk_for_average/vtk/channel_00075200.pvtu loaded and velocity components added.
2024-07-19 11:59:14,378 - DEBUG - Data from /scratch/pietero/baseline/prados_recent/re180_min_channel_900_calculating_Ubar/vtk_for_average/vtk/channel_00075300.pvtu loaded and velocity components added.
2024-07-19 11:59:14,956 - DEBUG - Data from /scratch/pietero/baseline/prados_recent/re180_min_channel_900_calculating_Ubar/vtk_for_average/vtk/channel_00075400.pvtu loaded and velocity components added.
2024-07-19 11:59:15,267 - DEBUG - Data from /scratch/pietero/baseline/prados_recent/re180_min_channel_900_calculating_Ubar/vtk_for_average/vtk/channel_00075500.pvtu loaded and velocity components added.
2024-07-19 11:59:15,558 - DEBUG - Data from /scratch/pietero/baseline/prados_recent/re180_min_channel_900_calculating_Ubar/vtk_for_average/vtk/channel_00075600.pvtu loaded and velocity components added.
2024-07-19 11:59:15,867 - DEBUG - Data from /scratch/pietero/baseline/prados_recent/re180_min_channel_900_calculating_Ubar/vtk_for_average/vtk/channel_00075700.pvtu loaded and velocity components added.
2024-07-19 11:59:16,154 - DEBUG - Data from /scratch/pietero/baseline/prados_recent/re180_min_channel_900_calculating_Ubar/vtk_for_average/vtk/channel_00075800.pvtu loaded and velocity components added.
2024-07-19 11:59:16,443 - DEBUG - Data from /scratch/pietero/baseline/prados_recent/re180_min_channel_900_calculating_Ubar/vtk_for_average/vtk/channel_00075900.pvtu loaded and velocity components added.
2024-07-19 11:59:16,733 - DEBUG - Data from /scratch/pietero/baseline/prados_recent/re180_min_channel_900_calculating_Ubar/vtk_for_average/vtk/channel_00076000.pvtu loaded and velocity components added.
2024-07-19 11:59:17,024 - DEBUG - Data from /scratch/pietero/baseline/prados_recent/re180_min_channel_900_calculating_Ubar/vtk_for_average/vtk/channel_00076100.pvtu loaded and velocity components added.
2024-07-19 11:59:17,321 - DEBUG - Data from /scratch/pietero/baseline/prados_recent/re180_min_channel_900_calculating_Ubar/vtk_for_average/vtk/channel_00076200.pvtu loaded and velocity components added.
2024-07-19 11:59:17,613 - DEBUG - Data from /scratch/pietero/baseline/prados_recent/re180_min_channel_900_calculating_Ubar/vtk_for_average/vtk/channel_00076300.pvtu loaded and velocity components added.
2024-07-19 11:59:17,917 - DEBUG - Data from /scratch/pietero/baseline/prados_recent/re180_min_channel_900_calculating_Ubar/vtk_for_average/vtk/channel_00076400.pvtu loaded and velocity components added.
2024-07-19 11:59:18,197 - DEBUG - Data from /scratch/pietero/baseline/prados_recent/re180_min_channel_900_calculating_Ubar/vtk_for_average/vtk/channel_00076500.pvtu loaded and velocity components added.
2024-07-19 11:59:18,489 - DEBUG - Data from /scratch/pietero/baseline/prados_recent/re180_min_channel_900_calculating_Ubar/vtk_for_average/vtk/channel_00076600.pvtu loaded and velocity components added.
2024-07-19 11:59:18,792 - DEBUG - Data from /scratch/pietero/baseline/prados_recent/re180_min_channel_900_calculating_Ubar/vtk_for_average/vtk/channel_00076700.pvtu loaded and velocity components added.
2024-07-19 11:59:19,218 - DEBUG - Data from /scratch/pietero/baseline/prados_recent/re180_min_channel_900_calculating_Ubar/vtk_for_average/vtk/channel_00076800.pvtu loaded and velocity components added.
2024-07-19 11:59:19,544 - DEBUG - Data from /scratch/pietero/baseline/prados_recent/re180_min_channel_900_calculating_Ubar/vtk_for_average/vtk/channel_00076900.pvtu loaded and velocity components added.
2024-07-19 11:59:19,862 - DEBUG - Data from /scratch/pietero/baseline/prados_recent/re180_min_channel_900_calculating_Ubar/vtk_for_average/vtk/channel_00077000.pvtu loaded and velocity components added.
2024-07-19 11:59:20,171 - DEBUG - Data from /scratch/pietero/baseline/prados_recent/re180_min_channel_900_calculating_Ubar/vtk_for_average/vtk/channel_00077100.pvtu loaded and velocity components added.
2024-07-19 11:59:20,470 - DEBUG - Data from /scratch/pietero/baseline/prados_recent/re180_min_channel_900_calculating_Ubar/vtk_for_average/vtk/channel_00077200.pvtu loaded and velocity components added.
2024-07-19 11:59:20,751 - DEBUG - Data from /scratch/pietero/baseline/prados_recent/re180_min_channel_900_calculating_Ubar/vtk_for_average/vtk/channel_00077300.pvtu loaded and velocity components added.
2024-07-19 11:59:21,020 - DEBUG - Data from /scratch/pietero/baseline/prados_recent/re180_min_channel_900_calculating_Ubar/vtk_for_average/vtk/channel_00077400.pvtu loaded and velocity components added.
2024-07-19 11:59:21,273 - DEBUG - Data from /scratch/pietero/baseline/prados_recent/re180_min_channel_900_calculating_Ubar/vtk_for_average/vtk/channel_00077500.pvtu loaded and velocity components added.
2024-07-19 11:59:21,562 - DEBUG - Data from /scratch/pietero/baseline/prados_recent/re180_min_channel_900_calculating_Ubar/vtk_for_average/vtk/channel_00077600.pvtu loaded and velocity components added.
2024-07-19 11:59:21,832 - DEBUG - Data from /scratch/pietero/baseline/prados_recent/re180_min_channel_900_calculating_Ubar/vtk_for_average/vtk/channel_00077700.pvtu loaded and velocity components added.
2024-07-19 11:59:22,150 - DEBUG - Data from /scratch/pietero/baseline/prados_recent/re180_min_channel_900_calculating_Ubar/vtk_for_average/vtk/channel_00077800.pvtu loaded and velocity components added.
2024-07-19 11:59:22,422 - DEBUG - Data from /scratch/pietero/baseline/prados_recent/re180_min_channel_900_calculating_Ubar/vtk_for_average/vtk/channel_00077900.pvtu loaded and velocity components added.
2024-07-19 11:59:22,702 - DEBUG - Data from /scratch/pietero/baseline/prados_recent/re180_min_channel_900_calculating_Ubar/vtk_for_average/vtk/channel_00078000.pvtu loaded and velocity components added.
2024-07-19 11:59:22,960 - DEBUG - Data from /scratch/pietero/baseline/prados_recent/re180_min_channel_900_calculating_Ubar/vtk_for_average/vtk/channel_00078100.pvtu loaded and velocity components added.
2024-07-19 11:59:23,249 - DEBUG - Data from /scratch/pietero/baseline/prados_recent/re180_min_channel_900_calculating_Ubar/vtk_for_average/vtk/channel_00078200.pvtu loaded and velocity components added.
2024-07-19 11:59:23,547 - DEBUG - Data from /scratch/pietero/baseline/prados_recent/re180_min_channel_900_calculating_Ubar/vtk_for_average/vtk/channel_00078300.pvtu loaded and velocity components added.
2024-07-19 11:59:23,880 - DEBUG - Data from /scratch/pietero/baseline/prados_recent/re180_min_channel_900_calculating_Ubar/vtk_for_average/vtk/channel_00078400.pvtu loaded and velocity components added.
2024-07-19 11:59:24,198 - DEBUG - Data from /scratch/pietero/baseline/prados_recent/re180_min_channel_900_calculating_Ubar/vtk_for_average/vtk/channel_00078500.pvtu loaded and velocity components added.
2024-07-19 11:59:24,477 - DEBUG - Data from /scratch/pietero/baseline/prados_recent/re180_min_channel_900_calculating_Ubar/vtk_for_average/vtk/channel_00078600.pvtu loaded and velocity components added.
2024-07-19 11:59:24,805 - DEBUG - Data from /scratch/pietero/baseline/prados_recent/re180_min_channel_900_calculating_Ubar/vtk_for_average/vtk/channel_00078700.pvtu loaded and velocity components added.
2024-07-19 11:59:25,128 - DEBUG - Data from /scratch/pietero/baseline/prados_recent/re180_min_channel_900_calculating_Ubar/vtk_for_average/vtk/channel_00078800.pvtu loaded and velocity components added.
2024-07-19 11:59:25,687 - DEBUG - Data from /scratch/pietero/baseline/prados_recent/re180_min_channel_900_calculating_Ubar/vtk_for_average/vtk/channel_00078900.pvtu loaded and velocity components added.
2024-07-19 11:59:25,997 - DEBUG - Data from /scratch/pietero/baseline/prados_recent/re180_min_channel_900_calculating_Ubar/vtk_for_average/vtk/channel_00079000.pvtu loaded and velocity components added.
2024-07-19 11:59:26,286 - DEBUG - Data from /scratch/pietero/baseline/prados_recent/re180_min_channel_900_calculating_Ubar/vtk_for_average/vtk/channel_00079100.pvtu loaded and velocity components added.
2024-07-19 11:59:26,575 - DEBUG - Data from /scratch/pietero/baseline/prados_recent/re180_min_channel_900_calculating_Ubar/vtk_for_average/vtk/channel_00079200.pvtu loaded and velocity components added.
2024-07-19 11:59:26,849 - DEBUG - Data from /scratch/pietero/baseline/prados_recent/re180_min_channel_900_calculating_Ubar/vtk_for_average/vtk/channel_00079300.pvtu loaded and velocity components added.
2024-07-19 11:59:27,132 - DEBUG - Data from /scratch/pietero/baseline/prados_recent/re180_min_channel_900_calculating_Ubar/vtk_for_average/vtk/channel_00079400.pvtu loaded and velocity components added.
2024-07-19 11:59:27,416 - DEBUG - Data from /scratch/pietero/baseline/prados_recent/re180_min_channel_900_calculating_Ubar/vtk_for_average/vtk/channel_00079500.pvtu loaded and velocity components added.
2024-07-19 11:59:27,737 - DEBUG - Data from /scratch/pietero/baseline/prados_recent/re180_min_channel_900_calculating_Ubar/vtk_for_average/vtk/channel_00079600.pvtu loaded and velocity components added.
2024-07-19 11:59:28,046 - DEBUG - Data from /scratch/pietero/baseline/prados_recent/re180_min_channel_900_calculating_Ubar/vtk_for_average/vtk/channel_00079700.pvtu loaded and velocity components added.
2024-07-19 11:59:28,367 - DEBUG - Data from /scratch/pietero/baseline/prados_recent/re180_min_channel_900_calculating_Ubar/vtk_for_average/vtk/channel_00079800.pvtu loaded and velocity components added.
2024-07-19 11:59:28,702 - DEBUG - Data from /scratch/pietero/baseline/prados_recent/re180_min_channel_900_calculating_Ubar/vtk_for_average/vtk/channel_00079900.pvtu loaded and velocity components added.
2024-07-19 11:59:28,977 - DEBUG - Data from /scratch/pietero/baseline/prados_recent/re180_min_channel_900_calculating_Ubar/vtk_for_average/vtk/channel_00080000.pvtu loaded and velocity components added.
2024-07-19 11:59:29,252 - DEBUG - Data from /scratch/pietero/baseline/prados_recent/re180_min_channel_900_calculating_Ubar/vtk_for_average/vtk/channel_00080100.pvtu loaded and velocity components added.
2024-07-19 11:59:29,255 - INFO - Total data sets processed for average velocity calculation: 102
2024-07-19 11:59:29,469 - DEBUG - Data from /scratch/pietero/baseline/prados_recent/re180_min_channel_900_calculating_Ubar/vtk_for_average/vtk/channel_00070000.pvtu loaded and velocity components added.
2024-07-19 11:59:29,671 - DEBUG - Data from /scratch/pietero/baseline/prados_recent/re180_min_channel_900_calculating_Ubar/vtk_for_average/vtk/channel_00070100.pvtu loaded and velocity components added.
2024-07-19 11:59:29,866 - DEBUG - Data from /scratch/pietero/baseline/prados_recent/re180_min_channel_900_calculating_Ubar/vtk_for_average/vtk/channel_00070200.pvtu loaded and velocity components added.
2024-07-19 11:59:30,061 - DEBUG - Data from /scratch/pietero/baseline/prados_recent/re180_min_channel_900_calculating_Ubar/vtk_for_average/vtk/channel_00070300.pvtu loaded and velocity components added.
2024-07-19 11:59:30,257 - DEBUG - Data from /scratch/pietero/baseline/prados_recent/re180_min_channel_900_calculating_Ubar/vtk_for_average/vtk/channel_00070400.pvtu loaded and velocity components added.
2024-07-19 11:59:30,451 - DEBUG - Data from /scratch/pietero/baseline/prados_recent/re180_min_channel_900_calculating_Ubar/vtk_for_average/vtk/channel_00070500.pvtu loaded and velocity components added.
2024-07-19 11:59:30,647 - DEBUG - Data from /scratch/pietero/baseline/prados_recent/re180_min_channel_900_calculating_Ubar/vtk_for_average/vtk/channel_00070600.pvtu loaded and velocity components added.
2024-07-19 11:59:30,842 - DEBUG - Data from /scratch/pietero/baseline/prados_recent/re180_min_channel_900_calculating_Ubar/vtk_for_average/vtk/channel_00070700.pvtu loaded and velocity components added.
2024-07-19 11:59:31,036 - DEBUG - Data from /scratch/pietero/baseline/prados_recent/re180_min_channel_900_calculating_Ubar/vtk_for_average/vtk/channel_00070800.pvtu loaded and velocity components added.
2024-07-19 11:59:31,229 - DEBUG - Data from /scratch/pietero/baseline/prados_recent/re180_min_channel_900_calculating_Ubar/vtk_for_average/vtk/channel_00070900.pvtu loaded and velocity components added.
2024-07-19 11:59:31,422 - DEBUG - Data from /scratch/pietero/baseline/prados_recent/re180_min_channel_900_calculating_Ubar/vtk_for_average/vtk/channel_00071000.pvtu loaded and velocity components added.
2024-07-19 11:59:31,614 - DEBUG - Data from /scratch/pietero/baseline/prados_recent/re180_min_channel_900_calculating_Ubar/vtk_for_average/vtk/channel_00071100.pvtu loaded and velocity components added.
2024-07-19 11:59:31,808 - DEBUG - Data from /scratch/pietero/baseline/prados_recent/re180_min_channel_900_calculating_Ubar/vtk_for_average/vtk/channel_00071200.pvtu loaded and velocity components added.
2024-07-19 11:59:32,004 - DEBUG - Data from /scratch/pietero/baseline/prados_recent/re180_min_channel_900_calculating_Ubar/vtk_for_average/vtk/channel_00071300.pvtu loaded and velocity components added.
2024-07-19 11:59:32,199 - DEBUG - Data from /scratch/pietero/baseline/prados_recent/re180_min_channel_900_calculating_Ubar/vtk_for_average/vtk/channel_00071400.pvtu loaded and velocity components added.
2024-07-19 11:59:32,394 - DEBUG - Data from /scratch/pietero/baseline/prados_recent/re180_min_channel_900_calculating_Ubar/vtk_for_average/vtk/channel_00071500.pvtu loaded and velocity components added.
2024-07-19 11:59:32,589 - DEBUG - Data from /scratch/pietero/baseline/prados_recent/re180_min_channel_900_calculating_Ubar/vtk_for_average/vtk/channel_00071600.pvtu loaded and velocity components added.
2024-07-19 11:59:32,784 - DEBUG - Data from /scratch/pietero/baseline/prados_recent/re180_min_channel_900_calculating_Ubar/vtk_for_average/vtk/channel_00071700.pvtu loaded and velocity components added.
2024-07-19 11:59:32,977 - DEBUG - Data from /scratch/pietero/baseline/prados_recent/re180_min_channel_900_calculating_Ubar/vtk_for_average/vtk/channel_00071800.pvtu loaded and velocity components added.
2024-07-19 11:59:33,170 - DEBUG - Data from /scratch/pietero/baseline/prados_recent/re180_min_channel_900_calculating_Ubar/vtk_for_average/vtk/channel_00071900.pvtu loaded and velocity components added.
2024-07-19 11:59:33,365 - DEBUG - Data from /scratch/pietero/baseline/prados_recent/re180_min_channel_900_calculating_Ubar/vtk_for_average/vtk/channel_00072000.pvtu loaded and velocity components added.
2024-07-19 11:59:33,560 - DEBUG - Data from /scratch/pietero/baseline/prados_recent/re180_min_channel_900_calculating_Ubar/vtk_for_average/vtk/channel_00072100.pvtu loaded and velocity components added.
2024-07-19 11:59:33,755 - DEBUG - Data from /scratch/pietero/baseline/prados_recent/re180_min_channel_900_calculating_Ubar/vtk_for_average/vtk/channel_00072200.pvtu loaded and velocity components added.
2024-07-19 11:59:33,950 - DEBUG - Data from /scratch/pietero/baseline/prados_recent/re180_min_channel_900_calculating_Ubar/vtk_for_average/vtk/channel_00072300.pvtu loaded and velocity components added.
2024-07-19 11:59:34,144 - DEBUG - Data from /scratch/pietero/baseline/prados_recent/re180_min_channel_900_calculating_Ubar/vtk_for_average/vtk/channel_00072400.pvtu loaded and velocity components added.
2024-07-19 11:59:34,340 - DEBUG - Data from /scratch/pietero/baseline/prados_recent/re180_min_channel_900_calculating_Ubar/vtk_for_average/vtk/channel_00072500.pvtu loaded and velocity components added.
2024-07-19 11:59:34,533 - DEBUG - Data from /scratch/pietero/baseline/prados_recent/re180_min_channel_900_calculating_Ubar/vtk_for_average/vtk/channel_00072600.pvtu loaded and velocity components added.
2024-07-19 11:59:34,729 - DEBUG - Data from /scratch/pietero/baseline/prados_recent/re180_min_channel_900_calculating_Ubar/vtk_for_average/vtk/channel_00072700.pvtu loaded and velocity components added.
2024-07-19 11:59:34,924 - DEBUG - Data from /scratch/pietero/baseline/prados_recent/re180_min_channel_900_calculating_Ubar/vtk_for_average/vtk/channel_00072800.pvtu loaded and velocity components added.
2024-07-19 11:59:35,119 - DEBUG - Data from /scratch/pietero/baseline/prados_recent/re180_min_channel_900_calculating_Ubar/vtk_for_average/vtk/channel_00072900.pvtu loaded and velocity components added.
2024-07-19 11:59:35,312 - DEBUG - Data from /scratch/pietero/baseline/prados_recent/re180_min_channel_900_calculating_Ubar/vtk_for_average/vtk/channel_00073000.pvtu loaded and velocity components added.
2024-07-19 11:59:35,505 - DEBUG - Data from /scratch/pietero/baseline/prados_recent/re180_min_channel_900_calculating_Ubar/vtk_for_average/vtk/channel_00073100.pvtu loaded and velocity components added.
2024-07-19 11:59:35,698 - DEBUG - Data from /scratch/pietero/baseline/prados_recent/re180_min_channel_900_calculating_Ubar/vtk_for_average/vtk/channel_00073200.pvtu loaded and velocity components added.
2024-07-19 11:59:35,892 - DEBUG - Data from /scratch/pietero/baseline/prados_recent/re180_min_channel_900_calculating_Ubar/vtk_for_average/vtk/channel_00073300.pvtu loaded and velocity components added.
2024-07-19 11:59:36,091 - DEBUG - Data from /scratch/pietero/baseline/prados_recent/re180_min_channel_900_calculating_Ubar/vtk_for_average/vtk/channel_00073400.pvtu loaded and velocity components added.
2024-07-19 11:59:36,284 - DEBUG - Data from /scratch/pietero/baseline/prados_recent/re180_min_channel_900_calculating_Ubar/vtk_for_average/vtk/channel_00073500.pvtu loaded and velocity components added.
2024-07-19 11:59:36,477 - DEBUG - Data from /scratch/pietero/baseline/prados_recent/re180_min_channel_900_calculating_Ubar/vtk_for_average/vtk/channel_00073600.pvtu loaded and velocity components added.
2024-07-19 11:59:36,671 - DEBUG - Data from /scratch/pietero/baseline/prados_recent/re180_min_channel_900_calculating_Ubar/vtk_for_average/vtk/channel_00073700.pvtu loaded and velocity components added.
2024-07-19 11:59:36,867 - DEBUG - Data from /scratch/pietero/baseline/prados_recent/re180_min_channel_900_calculating_Ubar/vtk_for_average/vtk/channel_00073800.pvtu loaded and velocity components added.
2024-07-19 11:59:37,060 - DEBUG - Data from /scratch/pietero/baseline/prados_recent/re180_min_channel_900_calculating_Ubar/vtk_for_average/vtk/channel_00073900.pvtu loaded and velocity components added.
2024-07-19 11:59:37,254 - DEBUG - Data from /scratch/pietero/baseline/prados_recent/re180_min_channel_900_calculating_Ubar/vtk_for_average/vtk/channel_00074000.pvtu loaded and velocity components added.
2024-07-19 11:59:37,447 - DEBUG - Data from /scratch/pietero/baseline/prados_recent/re180_min_channel_900_calculating_Ubar/vtk_for_average/vtk/channel_00074100.pvtu loaded and velocity components added.
2024-07-19 11:59:37,640 - DEBUG - Data from /scratch/pietero/baseline/prados_recent/re180_min_channel_900_calculating_Ubar/vtk_for_average/vtk/channel_00074200.pvtu loaded and velocity components added.
2024-07-19 11:59:37,833 - DEBUG - Data from /scratch/pietero/baseline/prados_recent/re180_min_channel_900_calculating_Ubar/vtk_for_average/vtk/channel_00074300.pvtu loaded and velocity components added.
2024-07-19 11:59:38,028 - DEBUG - Data from /scratch/pietero/baseline/prados_recent/re180_min_channel_900_calculating_Ubar/vtk_for_average/vtk/channel_00074400.pvtu loaded and velocity components added.
2024-07-19 11:59:38,222 - DEBUG - Data from /scratch/pietero/baseline/prados_recent/re180_min_channel_900_calculating_Ubar/vtk_for_average/vtk/channel_00074500.pvtu loaded and velocity components added.
2024-07-19 11:59:38,417 - DEBUG - Data from /scratch/pietero/baseline/prados_recent/re180_min_channel_900_calculating_Ubar/vtk_for_average/vtk/channel_00074600.pvtu loaded and velocity components added.
2024-07-19 11:59:38,610 - DEBUG - Data from /scratch/pietero/baseline/prados_recent/re180_min_channel_900_calculating_Ubar/vtk_for_average/vtk/channel_00074700.pvtu loaded and velocity components added.
2024-07-19 11:59:38,805 - DEBUG - Data from /scratch/pietero/baseline/prados_recent/re180_min_channel_900_calculating_Ubar/vtk_for_average/vtk/channel_00074800.pvtu loaded and velocity components added.
2024-07-19 11:59:39,002 - DEBUG - Data from /scratch/pietero/baseline/prados_recent/re180_min_channel_900_calculating_Ubar/vtk_for_average/vtk/channel_00074900.pvtu loaded and velocity components added.
2024-07-19 11:59:39,196 - DEBUG - Data from /scratch/pietero/baseline/prados_recent/re180_min_channel_900_calculating_Ubar/vtk_for_average/vtk/channel_00075000.pvtu loaded and velocity components added.
2024-07-19 11:59:39,390 - DEBUG - Data from /scratch/pietero/baseline/prados_recent/re180_min_channel_900_calculating_Ubar/vtk_for_average/vtk/channel_00075100.pvtu loaded and velocity components added.
2024-07-19 11:59:39,585 - DEBUG - Data from /scratch/pietero/baseline/prados_recent/re180_min_channel_900_calculating_Ubar/vtk_for_average/vtk/channel_00075200.pvtu loaded and velocity components added.
2024-07-19 11:59:39,778 - DEBUG - Data from /scratch/pietero/baseline/prados_recent/re180_min_channel_900_calculating_Ubar/vtk_for_average/vtk/channel_00075300.pvtu loaded and velocity components added.
2024-07-19 11:59:39,971 - DEBUG - Data from /scratch/pietero/baseline/prados_recent/re180_min_channel_900_calculating_Ubar/vtk_for_average/vtk/channel_00075400.pvtu loaded and velocity components added.
2024-07-19 11:59:40,163 - DEBUG - Data from /scratch/pietero/baseline/prados_recent/re180_min_channel_900_calculating_Ubar/vtk_for_average/vtk/channel_00075500.pvtu loaded and velocity components added.
2024-07-19 11:59:40,356 - DEBUG - Data from /scratch/pietero/baseline/prados_recent/re180_min_channel_900_calculating_Ubar/vtk_for_average/vtk/channel_00075600.pvtu loaded and velocity components added.
2024-07-19 11:59:40,549 - DEBUG - Data from /scratch/pietero/baseline/prados_recent/re180_min_channel_900_calculating_Ubar/vtk_for_average/vtk/channel_00075700.pvtu loaded and velocity components added.
2024-07-19 11:59:40,742 - DEBUG - Data from /scratch/pietero/baseline/prados_recent/re180_min_channel_900_calculating_Ubar/vtk_for_average/vtk/channel_00075800.pvtu loaded and velocity components added.
2024-07-19 11:59:40,935 - DEBUG - Data from /scratch/pietero/baseline/prados_recent/re180_min_channel_900_calculating_Ubar/vtk_for_average/vtk/channel_00075900.pvtu loaded and velocity components added.
2024-07-19 11:59:41,131 - DEBUG - Data from /scratch/pietero/baseline/prados_recent/re180_min_channel_900_calculating_Ubar/vtk_for_average/vtk/channel_00076000.pvtu loaded and velocity components added.
2024-07-19 11:59:41,327 - DEBUG - Data from /scratch/pietero/baseline/prados_recent/re180_min_channel_900_calculating_Ubar/vtk_for_average/vtk/channel_00076100.pvtu loaded and velocity components added.
2024-07-19 11:59:41,520 - DEBUG - Data from /scratch/pietero/baseline/prados_recent/re180_min_channel_900_calculating_Ubar/vtk_for_average/vtk/channel_00076200.pvtu loaded and velocity components added.
2024-07-19 11:59:41,714 - DEBUG - Data from /scratch/pietero/baseline/prados_recent/re180_min_channel_900_calculating_Ubar/vtk_for_average/vtk/channel_00076300.pvtu loaded and velocity components added.
2024-07-19 11:59:41,907 - DEBUG - Data from /scratch/pietero/baseline/prados_recent/re180_min_channel_900_calculating_Ubar/vtk_for_average/vtk/channel_00076400.pvtu loaded and velocity components added.
2024-07-19 11:59:42,100 - DEBUG - Data from /scratch/pietero/baseline/prados_recent/re180_min_channel_900_calculating_Ubar/vtk_for_average/vtk/channel_00076500.pvtu loaded and velocity components added.
2024-07-19 11:59:42,292 - DEBUG - Data from /scratch/pietero/baseline/prados_recent/re180_min_channel_900_calculating_Ubar/vtk_for_average/vtk/channel_00076600.pvtu loaded and velocity components added.
2024-07-19 11:59:42,486 - DEBUG - Data from /scratch/pietero/baseline/prados_recent/re180_min_channel_900_calculating_Ubar/vtk_for_average/vtk/channel_00076700.pvtu loaded and velocity components added.
2024-07-19 11:59:42,678 - DEBUG - Data from /scratch/pietero/baseline/prados_recent/re180_min_channel_900_calculating_Ubar/vtk_for_average/vtk/channel_00076800.pvtu loaded and velocity components added.
2024-07-19 11:59:42,872 - DEBUG - Data from /scratch/pietero/baseline/prados_recent/re180_min_channel_900_calculating_Ubar/vtk_for_average/vtk/channel_00076900.pvtu loaded and velocity components added.
2024-07-19 11:59:43,065 - DEBUG - Data from /scratch/pietero/baseline/prados_recent/re180_min_channel_900_calculating_Ubar/vtk_for_average/vtk/channel_00077000.pvtu loaded and velocity components added.
2024-07-19 11:59:43,260 - DEBUG - Data from /scratch/pietero/baseline/prados_recent/re180_min_channel_900_calculating_Ubar/vtk_for_average/vtk/channel_00077100.pvtu loaded and velocity components added.
2024-07-19 11:59:43,453 - DEBUG - Data from /scratch/pietero/baseline/prados_recent/re180_min_channel_900_calculating_Ubar/vtk_for_average/vtk/channel_00077200.pvtu loaded and velocity components added.
2024-07-19 11:59:43,647 - DEBUG - Data from /scratch/pietero/baseline/prados_recent/re180_min_channel_900_calculating_Ubar/vtk_for_average/vtk/channel_00077300.pvtu loaded and velocity components added.
2024-07-19 11:59:43,840 - DEBUG - Data from /scratch/pietero/baseline/prados_recent/re180_min_channel_900_calculating_Ubar/vtk_for_average/vtk/channel_00077400.pvtu loaded and velocity components added.
2024-07-19 11:59:44,033 - DEBUG - Data from /scratch/pietero/baseline/prados_recent/re180_min_channel_900_calculating_Ubar/vtk_for_average/vtk/channel_00077500.pvtu loaded and velocity components added.
2024-07-19 11:59:44,230 - DEBUG - Data from /scratch/pietero/baseline/prados_recent/re180_min_channel_900_calculating_Ubar/vtk_for_average/vtk/channel_00077600.pvtu loaded and velocity components added.
2024-07-19 11:59:44,425 - DEBUG - Data from /scratch/pietero/baseline/prados_recent/re180_min_channel_900_calculating_Ubar/vtk_for_average/vtk/channel_00077700.pvtu loaded and velocity components added.
2024-07-19 11:59:44,620 - DEBUG - Data from /scratch/pietero/baseline/prados_recent/re180_min_channel_900_calculating_Ubar/vtk_for_average/vtk/channel_00077800.pvtu loaded and velocity components added.
2024-07-19 11:59:44,814 - DEBUG - Data from /scratch/pietero/baseline/prados_recent/re180_min_channel_900_calculating_Ubar/vtk_for_average/vtk/channel_00077900.pvtu loaded and velocity components added.
2024-07-19 11:59:45,008 - DEBUG - Data from /scratch/pietero/baseline/prados_recent/re180_min_channel_900_calculating_Ubar/vtk_for_average/vtk/channel_00078000.pvtu loaded and velocity components added.
2024-07-19 11:59:45,202 - DEBUG - Data from /scratch/pietero/baseline/prados_recent/re180_min_channel_900_calculating_Ubar/vtk_for_average/vtk/channel_00078100.pvtu loaded and velocity components added.
2024-07-19 11:59:45,397 - DEBUG - Data from /scratch/pietero/baseline/prados_recent/re180_min_channel_900_calculating_Ubar/vtk_for_average/vtk/channel_00078200.pvtu loaded and velocity components added.
2024-07-19 11:59:45,591 - DEBUG - Data from /scratch/pietero/baseline/prados_recent/re180_min_channel_900_calculating_Ubar/vtk_for_average/vtk/channel_00078300.pvtu loaded and velocity components added.
2024-07-19 11:59:45,786 - DEBUG - Data from /scratch/pietero/baseline/prados_recent/re180_min_channel_900_calculating_Ubar/vtk_for_average/vtk/channel_00078400.pvtu loaded and velocity components added.
2024-07-19 11:59:45,979 - DEBUG - Data from /scratch/pietero/baseline/prados_recent/re180_min_channel_900_calculating_Ubar/vtk_for_average/vtk/channel_00078500.pvtu loaded and velocity components added.
2024-07-19 11:59:46,172 - DEBUG - Data from /scratch/pietero/baseline/prados_recent/re180_min_channel_900_calculating_Ubar/vtk_for_average/vtk/channel_00078600.pvtu loaded and velocity components added.
2024-07-19 11:59:46,368 - DEBUG - Data from /scratch/pietero/baseline/prados_recent/re180_min_channel_900_calculating_Ubar/vtk_for_average/vtk/channel_00078700.pvtu loaded and velocity components added.
2024-07-19 11:59:46,563 - DEBUG - Data from /scratch/pietero/baseline/prados_recent/re180_min_channel_900_calculating_Ubar/vtk_for_average/vtk/channel_00078800.pvtu loaded and velocity components added.
2024-07-19 11:59:46,757 - DEBUG - Data from /scratch/pietero/baseline/prados_recent/re180_min_channel_900_calculating_Ubar/vtk_for_average/vtk/channel_00078900.pvtu loaded and velocity components added.
2024-07-19 11:59:46,950 - DEBUG - Data from /scratch/pietero/baseline/prados_recent/re180_min_channel_900_calculating_Ubar/vtk_for_average/vtk/channel_00079000.pvtu loaded and velocity components added.
2024-07-19 11:59:47,143 - DEBUG - Data from /scratch/pietero/baseline/prados_recent/re180_min_channel_900_calculating_Ubar/vtk_for_average/vtk/channel_00079100.pvtu loaded and velocity components added.
2024-07-19 11:59:47,337 - DEBUG - Data from /scratch/pietero/baseline/prados_recent/re180_min_channel_900_calculating_Ubar/vtk_for_average/vtk/channel_00079200.pvtu loaded and velocity components added.
2024-07-19 11:59:47,532 - DEBUG - Data from /scratch/pietero/baseline/prados_recent/re180_min_channel_900_calculating_Ubar/vtk_for_average/vtk/channel_00079300.pvtu loaded and velocity components added.
2024-07-19 11:59:47,733 - DEBUG - Data from /scratch/pietero/baseline/prados_recent/re180_min_channel_900_calculating_Ubar/vtk_for_average/vtk/channel_00079400.pvtu loaded and velocity components added.
2024-07-19 11:59:47,929 - DEBUG - Data from /scratch/pietero/baseline/prados_recent/re180_min_channel_900_calculating_Ubar/vtk_for_average/vtk/channel_00079500.pvtu loaded and velocity components added.
2024-07-19 11:59:48,125 - DEBUG - Data from /scratch/pietero/baseline/prados_recent/re180_min_channel_900_calculating_Ubar/vtk_for_average/vtk/channel_00079600.pvtu loaded and velocity components added.
2024-07-19 11:59:48,320 - DEBUG - Data from /scratch/pietero/baseline/prados_recent/re180_min_channel_900_calculating_Ubar/vtk_for_average/vtk/channel_00079700.pvtu loaded and velocity components added.
2024-07-19 11:59:48,518 - DEBUG - Data from /scratch/pietero/baseline/prados_recent/re180_min_channel_900_calculating_Ubar/vtk_for_average/vtk/channel_00079800.pvtu loaded and velocity components added.
2024-07-19 11:59:48,715 - DEBUG - Data from /scratch/pietero/baseline/prados_recent/re180_min_channel_900_calculating_Ubar/vtk_for_average/vtk/channel_00079900.pvtu loaded and velocity components added.
2024-07-19 11:59:48,913 - DEBUG - Data from /scratch/pietero/baseline/prados_recent/re180_min_channel_900_calculating_Ubar/vtk_for_average/vtk/channel_00080000.pvtu loaded and velocity components added.
2024-07-19 11:59:49,111 - DEBUG - Data from /scratch/pietero/baseline/prados_recent/re180_min_channel_900_calculating_Ubar/vtk_for_average/vtk/channel_00080100.pvtu loaded and velocity components added.
2024-07-19 11:59:49,115 - INFO - Total data sets processed for RMS velocity calculation: 102
2024-07-19 11:59:49,127 - INFO - Calculated u_tau: 0.056645
2024-07-19 11:59:49,127 - INFO - Calculated delta_tau: 0.006262
2024-07-19 11:59:49,128 - INFO - Calculated Re_tau: 159.697705
2024-07-19 11:59:49,128 - INFO - Calculated t_tau: 0.110546
2024-07-19 11:59:49,128 - INFO - Calculated t_i_plus: 8066.722014
2024-07-19 11:59:49,128 - INFO - Calculated t_f_plus: 12452.822999
2024-07-19 11:59:49,128 - INFO - Calculated U_b: 0.872812
2024-07-19 11:59:49,128 - INFO - Calculated t_w: 3.059077
2024-07-19 11:59:49,128 - INFO - Calculated t_w_plus: 27.672427
2024-07-19 11:59:49,130 - INFO - Calculated values saved to logs/calculated_values.csv
